<?xml version="1.0" encoding="UTF-8"?>
<robot generator="Robot 6.1.1 (Python 3.11.5 on win32)" generated="20231205 17:57:12.228" rpa="false" schemaversion="4">
<suite id="s1" name="TEST-PROJECT-LUCAV2-UI" source="C:\Users\Stephane\Desktop\INFI-GLOBAL-PROJECTS\TEST-PROJECT-LUCAV2-UI">
<suite id="s1-s1" name="Luca.FunctionalTest.E2E.UI" source="C:\Users\Stephane\Desktop\INFI-GLOBAL-PROJECTS\TEST-PROJECT-LUCAV2-UI\Luca.FunctionalTest.E2E.UI">
<suite id="s1-s1-s1" name="Particulier" source="C:\Users\Stephane\Desktop\INFI-GLOBAL-PROJECTS\TEST-PROJECT-LUCAV2-UI\Luca.FunctionalTest.E2E.UI\Particulier">
<suite id="s1-s1-s1-s1" name="GammePrevoyance" source="C:\Users\Stephane\Desktop\INFI-GLOBAL-PROJECTS\TEST-PROJECT-LUCAV2-UI\Luca.FunctionalTest.E2E.UI\Particulier\GammePrevoyance">
<suite id="s1-s1-s1-s1-s1" name="HorizonGav" source="C:\Users\Stephane\Desktop\INFI-GLOBAL-PROJECTS\TEST-PROJECT-LUCAV2-UI\Luca.FunctionalTest.E2E.UI\Particulier\GammePrevoyance\HorizonGav.robot">
<test id="s1-s1-s1-s1-s1-t1" name="Test de Connexion à la Page" line="6">
<kw name="${file}= Load JSON From File">
<arg>C:\\Users\\Stephane\\Desktop\\INFI-GLOBAL-PROJECTS\\TEST-PROJECT-LUCAV2-UI\\Luca.FunctionalTest.E2E.UI\\Particulier\\GammePrevoyance${/}jsonfile.json</arg>
<msg timestamp="20231205 17:57:13.545" level="FAIL">No keyword with name '${file}= Load JSON From File' found.</msg>
<status status="FAIL" starttime="20231205 17:57:13.545" endtime="20231205 17:57:13.545"/>
</kw>
<kw name="Open Browser" library="QWeb">
<arg>https://luca-dev2.spvie.com/auth/sign-in</arg>
<arg>chrome</arg>
<tag>Browser</tag>
<tag>Interaction</tag>
<doc>Open new browser to given url.</doc>
<status status="NOT RUN" starttime="20231205 17:57:13.545" endtime="20231205 17:57:13.545"/>
</kw>
<kw name="Type Text" library="QWeb">
<arg>Email</arg>
<arg>demo-sogeti@spvie.com</arg>
<tag>Input</tag>
<tag>Interaction</tag>
<doc>Type given text to a text field.</doc>
<status status="NOT RUN" starttime="20231205 17:57:13.545" endtime="20231205 17:57:13.545"/>
</kw>
<kw name="Type Text" library="QWeb">
<arg>Mot de passe</arg>
<arg>czUG6R3yuWLwLwQq</arg>
<tag>Input</tag>
<tag>Interaction</tag>
<doc>Type given text to a text field.</doc>
<status status="NOT RUN" starttime="20231205 17:57:13.545" endtime="20231205 17:57:13.545"/>
</kw>
<kw name="Click Text" library="QWeb">
<arg>Connexion</arg>
<tag>Interaction</tag>
<tag>Text</tag>
<doc>Click text on web page.</doc>
<status status="NOT RUN" starttime="20231205 17:57:13.545" endtime="20231205 17:57:13.545"/>
</kw>
<kw name="Click Text" library="QWeb">
<arg>Tarificateur</arg>
<tag>Interaction</tag>
<tag>Text</tag>
<doc>Click text on web page.</doc>
<status status="NOT RUN" starttime="20231205 17:57:13.545" endtime="20231205 17:57:13.545"/>
</kw>
<kw name="Scroll" library="QWeb">
<arg>Gamme Prévoyance</arg>
<tag>Browser</tag>
<tag>Interaction</tag>
<doc>Scrolls the page/element to given direction.</doc>
<status status="NOT RUN" starttime="20231205 17:57:13.545" endtime="20231205 17:57:13.545"/>
</kw>
<kw name="Verify Text" library="QWeb">
<arg>HORIZON GAV</arg>
<tag>Text</tag>
<tag>Verification</tag>
<doc>Verify page contains given text.</doc>
<status status="NOT RUN" starttime="20231205 17:57:13.545" endtime="20231205 17:57:13.545"/>
</kw>
<kw name="Click Text" library="QWeb">
<arg>Faire un devis</arg>
<arg>9</arg>
<tag>Interaction</tag>
<tag>Text</tag>
<doc>Click text on web page.</doc>
<status status="NOT RUN" starttime="20231205 17:57:13.545" endtime="20231205 17:57:13.545"/>
</kw>
<kw name="Type Text" library="QWeb">
<arg>Date de naissance du conjoint</arg>
<arg>27/08/1975</arg>
<tag>Input</tag>
<tag>Interaction</tag>
<doc>Type given text to a text field.</doc>
<status status="NOT RUN" starttime="20231205 17:57:13.545" endtime="20231205 17:57:13.545"/>
</kw>
<kw name="Type Text" library="QWeb">
<arg>Date de naissance de l'assuré</arg>
<arg>01/08/1980</arg>
<tag>Input</tag>
<tag>Interaction</tag>
<doc>Type given text to a text field.</doc>
<status status="NOT RUN" starttime="20231205 17:57:13.545" endtime="20231205 17:57:13.545"/>
</kw>
<kw name="Click Item" library="QWeb">
<arg>devoir de conseil</arg>
<tag>Interaction</tag>
<tag>Item</tag>
<doc>Click item (usually icon or picture) on webpage.</doc>
<status status="NOT RUN" starttime="20231205 17:57:13.560" endtime="20231205 17:57:13.560"/>
</kw>
<kw name="Type Text" library="QWeb">
<arg>Revenu mensuel brut :</arg>
<arg>100</arg>
<tag>Input</tag>
<tag>Interaction</tag>
<doc>Type given text to a text field.</doc>
<status status="NOT RUN" starttime="20231205 17:57:13.561" endtime="20231205 17:57:13.561"/>
</kw>
<kw name="Click Text" library="QWeb">
<arg>Valider</arg>
<tag>Interaction</tag>
<tag>Text</tag>
<doc>Click text on web page.</doc>
<status status="NOT RUN" starttime="20231205 17:57:13.561" endtime="20231205 17:57:13.561"/>
</kw>
<kw name="Scroll" library="QWeb">
<arg>Garanties &amp; Cotisations</arg>
<tag>Browser</tag>
<tag>Interaction</tag>
<doc>Scrolls the page/element to given direction.</doc>
<status status="NOT RUN" starttime="20231205 17:57:13.562" endtime="20231205 17:57:13.562"/>
</kw>
<kw name="Click Item" library="QWeb">
<arg>devoir de conseil</arg>
<tag>Interaction</tag>
<tag>Item</tag>
<doc>Click item (usually icon or picture) on webpage.</doc>
<status status="NOT RUN" starttime="20231205 17:57:13.562" endtime="20231205 17:57:13.563"/>
</kw>
<kw name="Verify Text" library="QWeb">
<arg>Budget</arg>
<tag>Text</tag>
<tag>Verification</tag>
<doc>Verify page contains given text.</doc>
<status status="NOT RUN" starttime="20231205 17:57:13.563" endtime="20231205 17:57:13.563"/>
</kw>
<kw name="Click Element" library="QWeb">
<arg>xpath=//div/div[1]/div/ng-component/div/form/section[2]/div[2]/div[2]/overlay-devoir-conseil/p-dialog[2]/div/div/div[3]/div/input</arg>
<tag>Interaction</tag>
<doc>Click element specified by xpath.</doc>
<status status="NOT RUN" starttime="20231205 17:57:13.564" endtime="20231205 17:57:13.564"/>
</kw>
<kw name="Click Text" library="QWeb">
<arg>Valider</arg>
<tag>Interaction</tag>
<tag>Text</tag>
<doc>Click text on web page.</doc>
<status status="NOT RUN" starttime="20231205 17:57:13.564" endtime="20231205 17:57:13.565"/>
</kw>
<kw name="Scroll" library="QWeb">
<arg>Cotisation mensuelle en €/TTC</arg>
<tag>Browser</tag>
<tag>Interaction</tag>
<doc>Scrolls the page/element to given direction.</doc>
<status status="NOT RUN" starttime="20231205 17:57:13.565" endtime="20231205 17:57:13.565"/>
</kw>
<kw name="Click Text" library="QWeb">
<arg>Seul</arg>
<tag>Interaction</tag>
<tag>Text</tag>
<doc>Click text on web page.</doc>
<status status="NOT RUN" starttime="20231205 17:57:13.566" endtime="20231205 17:57:13.566"/>
</kw>
<kw name="Scroll" library="QWeb">
<arg>Liste des produits et tarifs mensuels</arg>
<tag>Browser</tag>
<tag>Interaction</tag>
<doc>Scrolls the page/element to given direction.</doc>
<status status="NOT RUN" starttime="20231205 17:57:13.567" endtime="20231205 17:57:13.567"/>
</kw>
<kw name="Verify Text" library="QWeb">
<arg>Adhérent / Premier assuré</arg>
<tag>Text</tag>
<tag>Verification</tag>
<doc>Verify page contains given text.</doc>
<status status="NOT RUN" starttime="20231205 17:57:13.567" endtime="20231205 17:57:13.568"/>
</kw>
<kw name="Get value From Json">
<var>${json_postal_code}</var>
<arg>${file}.[0]</arg>
<arg>$.code_commune_insee</arg>
<status status="NOT RUN" starttime="20231205 17:57:13.571" endtime="20231205 17:57:13.574"/>
</kw>
<kw name="Log To Console" library="BuiltIn">
<arg>value test is</arg>
<arg>${json_postal_code}</arg>
<doc>Logs the given message to the console.</doc>
<status status="NOT RUN" starttime="20231205 17:57:13.578" endtime="20231205 17:57:13.578"/>
</kw>
<status status="FAIL" starttime="20231205 17:57:13.537" endtime="20231205 17:57:13.579">No keyword with name '${file}= Load JSON From File' found.</status>
</test>
<status status="FAIL" starttime="20231205 17:57:12.310" endtime="20231205 17:57:13.581"/>
</suite>
<status status="FAIL" starttime="20231205 17:57:12.305" endtime="20231205 17:57:13.584"/>
</suite>
<status status="FAIL" starttime="20231205 17:57:12.299" endtime="20231205 17:57:13.586"/>
</suite>
<status status="FAIL" starttime="20231205 17:57:12.297" endtime="20231205 17:57:13.588"/>
</suite>
<status status="FAIL" starttime="20231205 17:57:12.270" endtime="20231205 17:57:13.589"/>
</suite>
<statistics>
<total>
<stat pass="0" fail="1" skip="0">All Tests</stat>
</total>
<tag>
</tag>
<suite>
<stat pass="0" fail="1" skip="0" id="s1" name="TEST-PROJECT-LUCAV2-UI">TEST-PROJECT-LUCAV2-UI</stat>
<stat pass="0" fail="1" skip="0" id="s1-s1" name="Luca.FunctionalTest.E2E.UI">TEST-PROJECT-LUCAV2-UI.Luca.FunctionalTest.E2E.UI</stat>
<stat pass="0" fail="1" skip="0" id="s1-s1-s1" name="Particulier">TEST-PROJECT-LUCAV2-UI.Luca.FunctionalTest.E2E.UI.Particulier</stat>
<stat pass="0" fail="1" skip="0" id="s1-s1-s1-s1" name="GammePrevoyance">TEST-PROJECT-LUCAV2-UI.Luca.FunctionalTest.E2E.UI.Particulier.GammePrevoyance</stat>
<stat pass="0" fail="1" skip="0" id="s1-s1-s1-s1-s1" name="HorizonGav">TEST-PROJECT-LUCAV2-UI.Luca.FunctionalTest.E2E.UI.Particulier.GammePrevoyance.HorizonGav</stat>
</suite>
</statistics>
<errors>
<msg timestamp="20231205 17:57:13.537" level="ERROR">Error in file 'C:\Users\Stephane\Desktop\INFI-GLOBAL-PROJECTS\TEST-PROJECT-LUCAV2-UI\Luca.FunctionalTest.E2E.UI\Particulier\GammePrevoyance\HorizonGav.robot' on line 3: Importing library 'JSONLibrary' failed: ModuleNotFoundError: No module named 'JSONLibrary'
Traceback (most recent call last):
  None
PYTHONPATH:
  C:\Users\Stephane\Desktop\INFI-GLOBAL-PROJECTS\TEST-PROJECT-LUCAV2-UI\lib
  C:\Users\Stephane\Desktop\INFI-GLOBAL-PROJECTS\TEST-PROJECT-LUCAV2-UI\resources
  c:\Users\Stephane\.vscode\extensions\d-biehl.robotcode-0.66.1\bundled\libs
  c:\Users\Stephane\.vscode\extensions\d-biehl.robotcode-0.66.1\bundled\tool\robotcode
  C:\Users\Stephane\AppData\Local\Programs\Python\Python311\python311.zip
  C:\Users\Stephane\AppData\Local\Programs\Python\Python311\DLLs
  C:\Users\Stephane\AppData\Local\Programs\Python\Python311\Lib
  C:\Users\Stephane\AppData\Local\Programs\Python\Python311
  C:\Users\Stephane\AppData\Local\Programs\Python\Python311\Lib\site-packages</msg>
</errors>
</robot>
